0 verbose cli C:\Program Files\nodejs\node.exe C:\Users\bdani\AppData\Roaming\npm\node_modules\npm\bin\npm-cli.js
1 info using npm@10.2.3
2 info using node@v18.18.0
3 timing npm:load:whichnode Completed in 3ms
4 timing config:load:defaults Completed in 2ms
5 timing config:load:file:C:\Users\bdani\AppData\Roaming\npm\node_modules\npm\npmrc Completed in 5ms
6 timing config:load:builtin Completed in 5ms
7 timing config:load:cli Completed in 2ms
8 timing config:load:env Completed in 1ms
9 timing config:load:file:C:\Users\bdani\Desktop\qrmobile\qrmobile\.npmrc Completed in 0ms
10 timing config:load:project Completed in 2ms
11 timing config:load:file:C:\Users\bdani\.npmrc Completed in 0ms
12 timing config:load:user Completed in 0ms
13 timing config:load:file:C:\Users\bdani\AppData\Roaming\npm\etc\npmrc Completed in 1ms
14 timing config:load:global Completed in 1ms
15 timing config:load:setEnvs Completed in 1ms
16 timing config:load Completed in 14ms
17 timing npm:load:configload Completed in 14ms
18 timing config:load:flatten Completed in 3ms
19 timing npm:load:mkdirpcache Completed in 0ms
20 timing npm:load:mkdirplogs Completed in 0ms
21 verbose title npm install
22 verbose argv "install"
23 timing npm:load:setTitle Completed in 1ms
24 timing npm:load:display Completed in 1ms
25 verbose logfile logs-max:10 dir:C:\Users\bdani\Desktop\qrmobile\qrmobile\UsersbdaniAppDataLocalnpm-cache\_logs\2023-11-17T17_55_20_971Z-
26 verbose logfile C:\Users\bdani\Desktop\qrmobile\qrmobile\UsersbdaniAppDataLocalnpm-cache\_logs\2023-11-17T17_55_20_971Z-debug-0.log
27 timing npm:load:logFile Completed in 10ms
28 timing npm:load:timers Completed in 0ms
29 timing npm:load:configScope Completed in 0ms
30 timing npm:load Completed in 59ms
31 timing arborist:ctor Completed in 1ms
32 silly logfile done cleaning log files
33 timing idealTree:init Completed in 714ms
34 timing idealTree:userRequests Completed in 0ms
35 silly idealTree buildDeps
36 silly fetch manifest react-native-screens@~3.22.0
37 timing arborist:ctor Completed in 0ms
38 http fetch GET 200 https://registry.npmjs.org/react-native-screens 363ms (cache hit)
39 silly fetch manifest react@18.2.0
40 http fetch GET 200 https://registry.npmjs.org/react 9ms (cache hit)
41 silly fetch manifest react-native@0.72.6
42 http fetch GET 200 https://registry.npmjs.org/react-native 32ms (cache hit)
43 silly fetch manifest react-native-safe-area-context@4.6.3
44 http fetch GET 200 https://registry.npmjs.org/react-native-safe-area-context 6ms (cache hit)
45 silly fetch manifest react-native-gesture-handler@~2.12.0
46 http fetch GET 200 https://registry.npmjs.org/react-native-gesture-handler 5ms (cache hit)
47 silly fetch manifest react-native-reanimated@~3.3.0
48 http fetch GET 200 https://registry.npmjs.org/react-native-reanimated 7ms (cache hit)
49 silly fetch manifest @babel/core@^7.20.0
50 http fetch GET 200 https://registry.npmjs.org/@babel%2fcore 5ms (cache hit)
51 silly fetch manifest @babel/plugin-proposal-nullish-coalescing-operator@^7.0.0-0
52 http fetch GET 200 https://registry.npmjs.org/@babel%2fplugin-proposal-nullish-coalescing-operator 6ms (cache hit)
53 silly fetch manifest @babel/plugin-proposal-optional-chaining@^7.0.0-0
54 http fetch GET 200 https://registry.npmjs.org/@babel%2fplugin-proposal-optional-chaining 5ms (cache hit)
55 silly fetch manifest @babel/plugin-transform-arrow-functions@^7.0.0-0
56 http fetch GET 200 https://registry.npmjs.org/@babel%2fplugin-transform-arrow-functions 6ms (cache hit)
57 silly fetch manifest @babel/plugin-transform-shorthand-properties@^7.0.0-0
58 http fetch GET 200 https://registry.npmjs.org/@babel%2fplugin-transform-shorthand-properties 5ms (cache hit)
59 silly fetch manifest @babel/plugin-transform-template-literals@^7.0.0-0
60 http fetch GET 200 https://registry.npmjs.org/@babel%2fplugin-transform-template-literals 4ms (cache hit)
61 silly fetch manifest react-native-pager-view@6.2.0
62 http fetch GET 200 https://registry.npmjs.org/react-native-pager-view 7ms (cache hit)
63 silly placeDep ROOT react-native-gesture-handler@2.12.1 REPLACE for: qrmobile@1.0.0 want: ~2.12.0
64 silly placeDep ROOT react-native-pager-view@6.2.0 REPLACE for: qrmobile@1.0.0 want: 6.2.0
65 silly placeDep ROOT react-native-reanimated@3.3.0 REPLACE for: qrmobile@1.0.0 want: ~3.3.0
66 silly placeDep ROOT react-native-safe-area-context@4.6.3 REPLACE for: qrmobile@1.0.0 want: 4.6.3
67 silly placeDep ROOT react-native-screens@3.22.1 REPLACE for: qrmobile@1.0.0 want: ~3.22.0
68 timing idealTree:#root Completed in 580ms
69 timing idealTree:node_modules/react-native-gesture-handler Completed in 0ms
70 timing idealTree:node_modules/react-native-pager-view Completed in 0ms
71 timing idealTree:node_modules/react-native-reanimated Completed in 0ms
72 timing idealTree:node_modules/react-native-safe-area-context Completed in 0ms
73 timing idealTree:node_modules/react-native-screens Completed in 0ms
74 timing idealTree:buildDeps Completed in 582ms
75 timing idealTree:fixDepFlags Completed in 12ms
76 timing idealTree Completed in 1323ms
77 timing reify:loadTrees Completed in 1324ms
78 timing reify:diffTrees Completed in 41ms
79 silly reify mark retired [
79 silly reify   'C:\\Users\\bdani\\Desktop\\qrmobile\\qrmobile\\node_modules\\react-native-gesture-handler'
79 silly reify ]
80 silly reify mark retired [
80 silly reify   'C:\\Users\\bdani\\Desktop\\qrmobile\\qrmobile\\node_modules\\react-native-pager-view'
80 silly reify ]
81 silly reify mark retired [
81 silly reify   'C:\\Users\\bdani\\Desktop\\qrmobile\\qrmobile\\node_modules\\react-native-reanimated'
81 silly reify ]
82 silly reify mark retired [
82 silly reify   'C:\\Users\\bdani\\Desktop\\qrmobile\\qrmobile\\node_modules\\react-native-safe-area-context'
82 silly reify ]
83 silly reify mark retired [
83 silly reify   'C:\\Users\\bdani\\Desktop\\qrmobile\\qrmobile\\node_modules\\react-native-screens'
83 silly reify ]
84 silly reify moves {
84 silly reify   'C:\\Users\\bdani\\Desktop\\qrmobile\\qrmobile\\node_modules\\react-native-gesture-handler': 'C:\\Users\\bdani\\Desktop\\qrmobile\\qrmobile\\node_modules\\.react-native-gesture-handler-uGRUYzc8',
84 silly reify   'C:\\Users\\bdani\\Desktop\\qrmobile\\qrmobile\\node_modules\\react-native-pager-view': 'C:\\Users\\bdani\\Desktop\\qrmobile\\qrmobile\\node_modules\\.react-native-pager-view-8pEdwi1Q',
84 silly reify   'C:\\Users\\bdani\\Desktop\\qrmobile\\qrmobile\\node_modules\\react-native-reanimated': 'C:\\Users\\bdani\\Desktop\\qrmobile\\qrmobile\\node_modules\\.react-native-reanimated-EEB4WmTo',
84 silly reify   'C:\\Users\\bdani\\Desktop\\qrmobile\\qrmobile\\node_modules\\react-native-safe-area-context': 'C:\\Users\\bdani\\Desktop\\qrmobile\\qrmobile\\node_modules\\.react-native-safe-area-context-0uYMgNxJ',
84 silly reify   'C:\\Users\\bdani\\Desktop\\qrmobile\\qrmobile\\node_modules\\react-native-screens': 'C:\\Users\\bdani\\Desktop\\qrmobile\\qrmobile\\node_modules\\.react-native-screens-dAtneaqq'
84 silly reify }
85 timing reify:retireShallow Completed in 12ms
86 timing reify:createSparse Completed in 3ms
87 timing reify:loadBundles Completed in 0ms
88 silly audit bulk request {
88 silly audit   '@ampproject/remapping': [ '2.2.1' ],
88 silly audit   '@babel/code-frame': [ '7.22.13', '7.10.4' ],
88 silly audit   '@babel/compat-data': [ '7.23.3' ],
88 silly audit   '@babel/core': [ '7.23.3' ],
88 silly audit   '@babel/generator': [ '7.23.3' ],
88 silly audit   '@babel/helper-annotate-as-pure': [ '7.22.5' ],
88 silly audit   '@babel/helper-builder-binary-assignment-operator-visitor': [ '7.22.15' ],
88 silly audit   '@babel/helper-compilation-targets': [ '7.22.15' ],
88 silly audit   '@babel/helper-create-class-features-plugin': [ '7.22.15' ],
88 silly audit   '@babel/helper-create-regexp-features-plugin': [ '7.22.15' ],
88 silly audit   '@babel/helper-define-polyfill-provider': [ '0.4.3' ],
88 silly audit   '@babel/helper-environment-visitor': [ '7.22.20' ],
88 silly audit   '@babel/helper-function-name': [ '7.23.0' ],
88 silly audit   '@babel/helper-hoist-variables': [ '7.22.5' ],
88 silly audit   '@babel/helper-member-expression-to-functions': [ '7.23.0' ],
88 silly audit   '@babel/helper-module-imports': [ '7.22.15' ],
88 silly audit   '@babel/helper-module-transforms': [ '7.23.3' ],
88 silly audit   '@babel/helper-optimise-call-expression': [ '7.22.5' ],
88 silly audit   '@babel/helper-plugin-utils': [ '7.22.5' ],
88 silly audit   '@babel/helper-remap-async-to-generator': [ '7.22.20' ],
88 silly audit   '@babel/helper-replace-supers': [ '7.22.20' ],
88 silly audit   '@babel/helper-simple-access': [ '7.22.5' ],
88 silly audit   '@babel/helper-skip-transparent-expression-wrappers': [ '7.22.5' ],
88 silly audit   '@babel/helper-split-export-declaration': [ '7.22.6' ],
88 silly audit   '@babel/helper-string-parser': [ '7.22.5' ],
88 silly audit   '@babel/helper-validator-identifier': [ '7.22.20' ],
88 silly audit   '@babel/helper-validator-option': [ '7.22.15' ],
88 silly audit   '@babel/helper-wrap-function': [ '7.22.20' ],
88 silly audit   '@babel/helpers': [ '7.23.2' ],
88 silly audit   '@babel/highlight': [ '7.22.20' ],
88 silly audit   '@babel/parser': [ '7.23.3' ],
88 silly audit   '@babel/plugin-bugfix-safari-id-destructuring-collision-in-function-expression': [ '7.23.3' ],
88 silly audit   '@babel/plugin-bugfix-v8-spread-parameters-in-optional-chaining': [ '7.23.3' ],
88 silly audit   '@babel/plugin-bugfix-v8-static-class-fields-redefine-readonly': [ '7.23.3' ],
88 silly audit   '@babel/plugin-proposal-async-generator-functions': [ '7.20.7' ],
88 silly audit   '@babel/plugin-proposal-class-properties': [ '7.18.6' ],
88 silly audit   '@babel/plugin-proposal-decorators': [ '7.23.3' ],
88 silly audit   '@babel/plugin-proposal-export-default-from': [ '7.23.3' ],
88 silly audit   '@babel/plugin-proposal-export-namespace-from': [ '7.18.9' ],
88 silly audit   '@babel/plugin-proposal-nullish-coalescing-operator': [ '7.18.6' ],
88 silly audit   '@babel/plugin-proposal-numeric-separator': [ '7.18.6' ],
88 silly audit   '@babel/plugin-proposal-object-rest-spread': [ '7.20.7' ],
88 silly audit   '@babel/plugin-proposal-optional-catch-binding': [ '7.18.6' ],
88 silly audit   '@babel/plugin-proposal-optional-chaining': [ '7.21.0' ],
88 silly audit   '@babel/plugin-proposal-private-property-in-object': [ '7.21.0-placeholder-for-preset-env.2' ],
88 silly audit   '@babel/plugin-syntax-async-generators': [ '7.8.4' ],
88 silly audit   '@babel/plugin-syntax-class-properties': [ '7.12.13' ],
88 silly audit   '@babel/plugin-syntax-class-static-block': [ '7.14.5' ],
88 silly audit   '@babel/plugin-syntax-decorators': [ '7.23.3' ],
88 silly audit   '@babel/plugin-syntax-dynamic-import': [ '7.8.3' ],
88 silly audit   '@babel/plugin-syntax-export-default-from': [ '7.23.3' ],
88 silly audit   '@babel/plugin-syntax-export-namespace-from': [ '7.8.3' ],
88 silly audit   '@babel/plugin-syntax-flow': [ '7.23.3' ],
88 silly audit   '@babel/plugin-syntax-import-assertions': [ '7.23.3' ],
88 silly audit   '@babel/plugin-syntax-import-attributes': [ '7.23.3' ],
88 silly audit   '@babel/plugin-syntax-import-meta': [ '7.10.4' ],
88 silly audit   '@babel/plugin-syntax-json-strings': [ '7.8.3' ],
88 silly audit   '@babel/plugin-syntax-jsx': [ '7.23.3' ],
88 silly audit   '@babel/plugin-syntax-logical-assignment-operators': [ '7.10.4' ],
88 silly audit   '@babel/plugin-syntax-nullish-coalescing-operator': [ '7.8.3' ],
88 silly audit   '@babel/plugin-syntax-numeric-separator': [ '7.10.4' ],
88 silly audit   '@babel/plugin-syntax-object-rest-spread': [ '7.8.3' ],
88 silly audit   '@babel/plugin-syntax-optional-catch-binding': [ '7.8.3' ],
88 silly audit   '@babel/plugin-syntax-optional-chaining': [ '7.8.3' ],
88 silly audit   '@babel/plugin-syntax-private-property-in-object': [ '7.14.5' ],
88 silly audit   '@babel/plugin-syntax-top-level-await': [ '7.14.5' ],
88 silly audit   '@babel/plugin-syntax-typescript': [ '7.23.3' ],
88 silly audit   '@babel/plugin-syntax-unicode-sets-regex': [ '7.18.6' ],
88 silly audit   '@babel/plugin-transform-arrow-functions': [ '7.23.3' ],
88 silly audit   '@babel/plugin-transform-async-generator-functions': [ '7.23.3' ],
88 silly audit   '@babel/plugin-transform-async-to-generator': [ '7.23.3' ],
88 silly audit   '@babel/plugin-transform-block-scoped-functions': [ '7.23.3' ],
88 silly audit   '@babel/plugin-transform-block-scoping': [ '7.23.3' ],
88 silly audit   '@babel/plugin-transform-class-properties': [ '7.23.3' ],
88 silly audit   '@babel/plugin-transform-class-static-block': [ '7.23.3' ],
88 silly audit   '@babel/plugin-transform-classes': [ '7.23.3' ],
88 silly audit   '@babel/plugin-transform-computed-properties': [ '7.23.3' ],
88 silly audit   '@babel/plugin-transform-destructuring': [ '7.23.3' ],
88 silly audit   '@babel/plugin-transform-dotall-regex': [ '7.23.3' ],
88 silly audit   '@babel/plugin-transform-duplicate-keys': [ '7.23.3' ],
88 silly audit   '@babel/plugin-transform-dynamic-import': [ '7.23.3' ],
88 silly audit   '@babel/plugin-transform-exponentiation-operator': [ '7.23.3' ],
88 silly audit   '@babel/plugin-transform-export-namespace-from': [ '7.23.3' ],
88 silly audit   '@babel/plugin-transform-flow-strip-types': [ '7.23.3' ],
88 silly audit   '@babel/plugin-transform-for-of': [ '7.23.3' ],
88 silly audit   '@babel/plugin-transform-function-name': [ '7.23.3' ],
88 silly audit   '@babel/plugin-transform-json-strings': [ '7.23.3' ],
88 silly audit   '@babel/plugin-transform-literals': [ '7.23.3' ],
88 silly audit   '@babel/plugin-transform-logical-assignment-operators': [ '7.23.3' ],
88 silly audit   '@babel/plugin-transform-member-expression-literals': [ '7.23.3' ],
88 silly audit   '@babel/plugin-transform-modules-amd': [ '7.23.3' ],
88 silly audit   '@babel/plugin-transform-modules-commonjs': [ '7.23.3' ],
88 silly audit   '@babel/plugin-transform-modules-systemjs': [ '7.23.3' ],
88 silly audit   '@babel/plugin-transform-modules-umd': [ '7.23.3' ],
88 silly audit   '@babel/plugin-transform-named-capturing-groups-regex': [ '7.22.5' ],
88 silly audit   '@babel/plugin-transform-new-target': [ '7.23.3' ],
88 silly audit   '@babel/plugin-transform-nullish-coalescing-operator': [ '7.23.3' ],
88 silly audit   '@babel/plugin-transform-numeric-separator': [ '7.23.3' ],
88 silly audit   '@babel/plugin-transform-object-assign': [ '7.23.3' ],
88 silly audit   '@babel/plugin-transform-object-rest-spread': [ '7.23.3' ],
88 silly audit   '@babel/plugin-transform-object-super': [ '7.23.3' ],
88 silly audit   '@babel/plugin-transform-optional-catch-binding': [ '7.23.3' ],
88 silly audit   '@babel/plugin-transform-optional-chaining': [ '7.23.3' ],
88 silly audit   '@babel/plugin-transform-parameters': [ '7.23.3' ],
88 silly audit   '@babel/plugin-transform-private-methods': [ '7.23.3' ],
88 silly audit   '@babel/plugin-transform-private-property-in-object': [ '7.23.3' ],
88 silly audit   '@babel/plugin-transform-property-literals': [ '7.23.3' ],
88 silly audit   '@babel/plugin-transform-react-display-name': [ '7.23.3' ],
88 silly audit   '@babel/plugin-transform-react-jsx': [ '7.22.15' ],
88 silly audit   '@babel/plugin-transform-react-jsx-self': [ '7.23.3' ],
88 silly audit   '@babel/plugin-transform-react-jsx-source': [ '7.23.3' ],
88 silly audit   '@babel/plugin-transform-regenerator': [ '7.23.3' ],
88 silly audit   '@babel/plugin-transform-reserved-words': [ '7.23.3' ],
88 silly audit   '@babel/plugin-transform-runtime': [ '7.23.3' ],
88 silly audit   '@babel/plugin-transform-shorthand-properties': [ '7.23.3' ],
88 silly audit   '@babel/plugin-transform-spread': [ '7.23.3' ],
88 silly audit   '@babel/plugin-transform-sticky-regex': [ '7.23.3' ],
88 silly audit   '@babel/plugin-transform-template-literals': [ '7.23.3' ],
88 silly audit   '@babel/plugin-transform-typeof-symbol': [ '7.23.3' ],
88 silly audit   '@babel/plugin-transform-typescript': [ '7.23.3' ],
88 silly audit   '@babel/plugin-transform-unicode-escapes': [ '7.23.3' ],
88 silly audit   '@babel/plugin-transform-unicode-property-regex': [ '7.23.3' ],
88 silly audit   '@babel/plugin-transform-unicode-regex': [ '7.23.3' ],
88 silly audit   '@babel/plugin-transform-unicode-sets-regex': [ '7.23.3' ],
88 silly audit   '@babel/preset-env': [ '7.23.3' ],
88 silly audit   '@babel/preset-flow': [ '7.23.3' ],
88 silly audit   '@babel/preset-modules': [ '0.1.6-no-external-plugins' ],
88 silly audit   '@babel/preset-typescript': [ '7.23.3' ],
88 silly audit   '@babel/register': [ '7.22.15' ],
88 silly audit   '@babel/regjsgen': [ '0.8.0' ],
88 silly audit   '@babel/runtime': [ '7.23.2' ],
88 silly audit   '@babel/template': [ '7.22.15' ],
88 silly audit   '@babel/traverse': [ '7.23.3' ],
88 silly audit   '@babel/types': [ '7.23.3' ],
88 silly audit   '@egjs/hammerjs': [ '2.0.17' ],
88 silly audit   '@expo/bunyan': [ '4.0.0' ],
88 silly audit   uuid: [ '8.3.2', '3.4.0', '7.0.3' ],
88 silly audit   '@expo/cli': [ '0.10.15' ],
88 silly audit   'ansi-styles': [ '4.3.0', '3.2.1', '5.2.0' ],
88 silly audit   chalk: [ '4.1.2', '2.4.2' ],
88 silly audit   'color-convert': [ '2.0.1', '1.9.3' ],
88 silly audit   'color-name': [ '1.1.4', '1.1.3' ],
88 silly audit   'has-flag': [ '4.0.0', '3.0.0' ],
88 silly audit   'lru-cache': [ '6.0.0', '5.1.1' ],
88 silly audit   semver: [ '7.5.4', '7.5.3', '7.3.2', '5.7.2', '6.3.1' ],
88 silly audit   'supports-color': [ '7.2.0', '8.1.1', '5.5.0' ],
88 silly audit   yallist: [ '4.0.0', '3.1.1' ],
88 silly audit   '@expo/code-signing-certificates': [ '0.0.5' ],
88 silly audit   '@expo/config': [ '8.1.2' ],
88 silly audit   '@expo/config-plugins': [ '7.2.5' ],
88 silly audit   '@expo/config-types': [ '49.0.0' ],
88 silly audit   '@expo/dev-server': [ '0.5.5' ],
88 silly audit   'fs-extra': [ '9.0.0', '9.1.0', '8.1.0' ],
88 silly audit   jsonfile: [ '6.1.0', '4.0.0' ],
88 silly audit   universalify: [ '2.0.1', '1.0.0', '0.1.2' ],
88 silly audit   '@expo/devcert': [ '1.1.0' ],
88 silly audit   debug: [ '3.2.7', '2.6.9', '4.3.4' ],
88 silly audit   '@expo/env': [ '0.0.5' ],
88 silly audit   '@expo/image-utils': [ '0.3.22' ],
88 silly audit   'crypto-random-string': [ '1.0.0', '2.0.0' ],
88 silly audit   'temp-dir': [ '1.0.0', '2.0.0' ],
88 silly audit   tempy: [ '0.3.0', '0.7.1' ],
88 silly audit   'type-fest': [ '0.3.1', '0.12.0', '0.7.1', '0.16.0', '0.21.3' ],
88 silly audit   'unique-string': [ '1.0.0', '2.0.0' ],
88 silly audit   '@expo/json-file': [ '8.2.37' ],
88 silly audit   '@expo/metro-config': [ '0.10.7' ],
88 silly audit   '@expo/osascript': [ '2.0.33' ],
88 silly audit   '@expo/package-manager': [ '1.1.2' ],
88 silly audit   'sudo-prompt': [ '9.1.1', '9.2.1', '8.2.5' ],
88 silly audit   '@expo/plist': [ '0.0.20' ],
88 silly audit   '@expo/prebuild-config': [ '6.2.6' ],
88 silly audit   '@expo/rudder-sdk-node': [ '1.1.1' ],
88 silly audit   '@expo/sdk-runtime-versions': [ '1.0.0' ],
88 silly audit   '@expo/spawn-async': [ '1.5.0' ],
88 silly audit   '@expo/vector-icons': [ '13.0.0' ],
88 silly audit   '@expo/xcpretty': [ '4.2.2' ],
88 silly audit   argparse: [ '2.0.1', '1.0.10' ],
88 silly audit   'js-yaml': [ '4.1.0', '3.14.1' ],
88 silly audit   '@gar/promisify': [ '1.1.3' ],
88 silly audit   '@graphql-typed-document-node/core': [ '3.2.0' ],
88 silly audit   '@hapi/hoek': [ '9.3.0' ],
88 silly audit   '@hapi/topo': [ '5.1.0' ],
88 silly audit   '@jest/create-cache-key-function': [ '29.7.0' ],
88 silly audit   '@jest/types': [ '29.6.3', '26.6.2', '27.5.1' ],
88 silly audit   '@types/yargs': [ '17.0.31', '15.0.18', '16.0.8' ],
88 silly audit   '@jest/environment': [ '29.7.0' ],
88 silly audit   '@jest/fake-timers': [ '29.7.0' ],
88 silly audit   '@jest/schemas': [ '29.6.3' ],
88 silly audit   '@jridgewell/gen-mapping': [ '0.3.3' ],
88 silly audit   '@jridgewell/resolve-uri': [ '3.1.1' ],
88 silly audit   '@jridgewell/set-array': [ '1.1.2' ],
88 silly audit   '@jridgewell/source-map': [ '0.3.5' ],
88 silly audit   '@jridgewell/sourcemap-codec': [ '1.4.15' ],
88 silly audit   '@jridgewell/trace-mapping': [ '0.3.20' ],
88 silly audit   '@nodelib/fs.scandir': [ '2.1.5' ],
88 silly audit   '@nodelib/fs.stat': [ '2.0.5' ],
88 silly audit   '@nodelib/fs.walk': [ '1.2.8' ],
88 silly audit   '@npmcli/fs': [ '1.1.1' ],
88 silly audit   '@npmcli/move-file': [ '1.1.2' ],
88 silly audit   mkdirp: [ '1.0.4', '0.5.6' ],
88 silly audit   rimraf: [ '3.0.2', '2.4.5', '2.7.1', '2.6.3' ],
88 silly audit   '@react-native-community/cli': [ '11.3.7' ],
88 silly audit   '@react-native-community/cli-clean': [ '11.3.7' ],
88 silly audit   'cross-spawn': [ '7.0.3', '6.0.5' ],
88 silly audit   execa: [ '5.1.1', '1.0.0' ],
88 silly audit   'get-stream': [ '6.0.1', '4.1.0' ],
88 silly audit   'is-stream': [ '2.0.1', '1.1.0' ],
88 silly audit   'mimic-fn': [ '2.1.0', '1.2.0' ],
88 silly audit   'npm-run-path': [ '4.0.1', '2.0.2' ],
88 silly audit   onetime: [ '5.1.2', '2.0.1' ],
88 silly audit   'path-key': [ '3.1.1', '2.0.1' ],
88 silly audit   'shebang-command': [ '2.0.0', '1.2.0' ],
88 silly audit   'shebang-regex': [ '3.0.0', '1.0.0' ],
88 silly audit   which: [ '2.0.2', '1.3.1' ],
88 silly audit   '@react-native-community/cli-config': [ '11.3.7' ],
88 silly audit   '@react-native-community/cli-debugger-ui': [ '11.3.7' ],
88 silly audit   '@react-native-community/cli-doctor': [ '11.3.7' ],
88 silly audit   'cli-cursor': [ '3.1.0', '2.1.0' ],
88 silly audit   'log-symbols': [ '4.1.0', '2.2.0' ],
88 silly audit   ora: [ '5.4.1', '3.4.0' ],
88 silly audit   'strip-ansi': [ '6.0.1', '5.2.0' ],
88 silly audit   'restore-cursor': [ '3.1.0', '2.0.0' ],
88 silly audit   '@react-native-community/cli-hermes': [ '11.3.7' ],
88 silly audit   '@react-native-community/cli-platform-android': [ '11.3.7' ],
88 silly audit   '@react-native-community/cli-platform-ios': [ '11.3.7' ],
88 silly audit   '@react-native-community/cli-plugin-metro': [ '11.3.7' ],
88 silly audit   '@react-native-community/cli-server-api': [ '11.3.7' ],
88 silly audit   ws: [ '7.5.9', '6.2.2', '8.14.2' ],
88 silly audit   '@react-native-community/cli-tools': [ '11.3.7' ],
88 silly audit   'is-wsl': [ '1.1.0', '2.2.0' ],
88 silly audit   open: [ '6.4.0', '8.4.2' ],
88 silly audit   '@react-native-community/cli-types': [ '11.3.7' ],
88 silly audit   commander: [ '9.5.0', '7.2.0', '4.1.1', '2.20.3', '2.13.0' ],
88 silly audit   'find-up': [ '4.1.0', '5.0.0', '3.0.0' ],
88 silly audit   'locate-path': [ '5.0.0', '6.0.0', '3.0.0' ],
88 silly audit   'p-limit': [ '2.3.0', '3.1.0' ],
88 silly audit   'p-locate': [ '4.1.0', '5.0.0', '3.0.0' ],
88 silly audit   '@react-native/assets-registry': [ '0.72.0' ],
88 silly audit   '@react-native/codegen': [ '0.72.7' ],
88 silly audit   '@react-native/gradle-plugin': [ '0.72.11' ],
88 silly audit   '@react-native/js-polyfills': [ '0.72.1' ],
88 silly audit   '@react-native/normalize-color': [ '2.1.0' ],
88 silly audit   '@react-native/normalize-colors': [ '0.72.0' ],
88 silly audit   '@react-native/virtualized-lists': [ '0.72.8' ],
88 silly audit   '@react-navigation/bottom-tabs': [ '6.5.11' ],
88 silly audit   '@react-navigation/core': [ '6.4.10' ],
88 silly audit   'escape-string-regexp': [ '4.0.0', '1.0.5', '2.0.0' ],
88 silly audit   'react-is': [ '16.13.1', '18.2.0', '17.0.2' ],
88 silly audit   '@react-navigation/drawer': [ '6.6.6' ],
88 silly audit   '@react-navigation/elements': [ '1.3.21' ],
88 silly audit   '@react-navigation/material-top-tabs': [ '6.6.5' ],
88 silly audit   '@react-navigation/native': [ '6.1.9' ],
88 silly audit   '@react-navigation/native-stack': [ '6.9.17' ],
88 silly audit   '@react-navigation/routers': [ '6.1.9' ],
88 silly audit   '@segment/loosely-validate-event': [ '2.0.0' ],
88 silly audit   '@sideway/address': [ '4.1.4' ],
88 silly audit   '@sideway/formula': [ '3.0.1' ],
88 silly audit   '@sideway/pinpoint': [ '2.0.0' ],
88 silly audit   '@sinclair/typebox': [ '0.27.8' ],
88 silly audit   '@sinonjs/commons': [ '3.0.0' ],
88 silly audit   '@sinonjs/fake-timers': [ '10.3.0' ],
88 silly audit   '@types/hammerjs': [ '2.0.44' ],
88 silly audit   '@types/istanbul-lib-coverage': [ '2.0.6' ],
88 silly audit   '@types/istanbul-lib-report': [ '3.0.3' ],
88 silly audit   '@types/istanbul-reports': [ '3.0.4' ],
88 silly audit   '@types/node': [ '20.9.1' ],
88 silly audit   '@types/stack-utils': [ '2.0.3' ],
88 silly audit   '@types/yargs-parser': [ '21.0.3' ],
88 silly audit   '@urql/core': [ '2.3.6' ],
88 silly audit   '@urql/exchange-retry': [ '0.3.0' ],
88 silly audit   '@xmldom/xmldom': [ '0.7.13', '0.8.10' ],
88 silly audit   'abort-controller': [ '3.0.0' ],
88 silly audit   accepts: [ '1.3.8' ],
88 silly audit   acorn: [ '8.11.2' ],
88 silly audit   'agent-base': [ '6.0.2' ],
88 silly audit   'aggregate-error': [ '3.1.0' ],
88 silly audit   anser: [ '1.4.10' ],
88 silly audit   'ansi-escapes': [ '4.3.2' ],
88 silly audit   'ansi-fragments': [ '0.2.1' ],
88 silly audit   'ansi-regex': [ '5.0.1', '4.1.1' ],
88 silly audit   'any-promise': [ '1.3.0' ],
88 silly audit   anymatch: [ '3.1.3' ],
88 silly audit   appdirsjs: [ '1.2.7' ],
88 silly audit   'application-config-path': [ '0.1.1' ],
88 silly audit   arg: [ '4.1.0' ],
88 silly audit   'array-union': [ '2.1.0' ],
88 silly audit   asap: [ '2.0.6' ],
88 silly audit   'ast-types': [ '0.15.2' ],
88 silly audit   'astral-regex': [ '1.0.0' ],
88 silly audit   async: [ '3.2.5' ],
88 silly audit   'async-limiter': [ '1.0.1' ],
88 silly audit   asynckit: [ '0.4.0' ],
88 silly audit   'at-least-node': [ '1.0.0' ],
88 silly audit   'babel-core': [ '7.0.0-bridge.0' ],
88 silly audit   'babel-plugin-module-resolver': [ '5.0.0' ],
88 silly audit   'brace-expansion': [ '2.0.1', '1.1.11' ],
88 silly audit   glob: [ '8.1.0', '7.1.6', '6.0.4' ],
88 silly audit   minimatch: [ '5.1.6', '3.1.2' ],
88 silly audit   'babel-plugin-polyfill-corejs2': [ '0.4.6' ],
88 silly audit   'babel-plugin-polyfill-corejs3': [ '0.8.6' ],
88 silly audit   'babel-plugin-polyfill-regenerator': [ '0.5.3' ],
88 silly audit   'babel-plugin-react-native-web': [ '0.18.12' ],
88 silly audit   'babel-plugin-syntax-trailing-function-commas': [ '7.0.0-beta.0' ],
88 silly audit   'babel-plugin-transform-flow-enums': [ '0.0.2' ],
88 silly audit   'babel-preset-expo': [ '9.5.2' ],
88 silly audit   'babel-preset-fbjs': [ '3.4.0' ],
88 silly audit   'balanced-match': [ '1.0.2' ],
88 silly audit   'base64-js': [ '1.5.1' ],
88 silly audit   'better-opn': [ '3.0.2' ],
88 silly audit   'big-integer': [ '1.6.51' ],
88 silly audit   bl: [ '4.1.0' ],
88 silly audit   'readable-stream': [ '3.6.2', '2.3.8' ],
88 silly audit   'blueimp-md5': [ '2.19.0' ],
88 silly audit   'body-parser': [ '1.20.2' ],
88 silly audit   ms: [ '2.0.0', '2.1.2', '2.1.3' ],
88 silly audit   'bplist-creator': [ '0.1.0' ],
88 silly audit   'bplist-parser': [ '0.3.2', '0.3.1' ],
88 silly audit   braces: [ '3.0.2' ],
88 silly audit   browserslist: [ '4.22.1' ],
88 silly audit   bser: [ '2.1.1' ],
88 silly audit   buffer: [ '5.7.1' ],
88 silly audit   'buffer-alloc': [ '1.2.0' ],
88 silly audit   'buffer-alloc-unsafe': [ '1.1.0' ],
88 silly audit   'buffer-fill': [ '1.0.0' ],
88 silly audit   'buffer-from': [ '1.1.2' ],
88 silly audit   builtins: [ '1.0.3' ],
88 silly audit   bytes: [ '3.1.2', '3.0.0' ],
88 silly audit   cacache: [ '15.3.0' ],
88 silly audit   'call-bind': [ '1.0.5' ],
88 silly audit   'caller-callsite': [ '2.0.0' ],
88 silly audit   'caller-path': [ '2.0.0' ],
88 silly audit   callsites: [ '2.0.0' ],
88 silly audit   camelcase: [ '6.3.0', '5.3.1' ],
88 silly audit   'caniuse-lite': [ '1.0.30001563' ],
88 silly audit   charenc: [ '0.0.2' ],
88 silly audit   chownr: [ '2.0.0' ],
88 silly audit   'ci-info': [ '3.9.0', '2.0.0' ],
88 silly audit   'clean-stack': [ '2.2.0' ],
88 silly audit   'cli-spinners': [ '2.9.1' ],
88 silly audit   cliui: [ '8.0.1', '6.0.0' ],
88 silly audit   clone: [ '2.1.2', '1.0.4' ],
88 silly audit   'clone-deep': [ '4.0.1' ],
88 silly audit   color: [ '4.2.3' ],
88 silly audit   'color-string': [ '1.9.1' ],
88 silly audit   colorette: [ '1.4.0' ],
88 silly audit   'combined-stream': [ '1.0.8' ],
88 silly audit   'command-exists': [ '1.2.9' ],
88 silly audit   commondir: [ '1.0.1' ],
88 silly audit   'compare-versions': [ '3.6.0' ],
88 silly audit   'component-type': [ '1.2.2' ],
88 silly audit   compressible: [ '2.0.18' ],
88 silly audit   compression: [ '1.7.4' ],
88 silly audit   'concat-map': [ '0.0.1' ],
88 silly audit   connect: [ '3.7.0' ],
88 silly audit   'content-type': [ '1.0.5' ],
88 silly audit   'convert-source-map': [ '2.0.0' ],
88 silly audit   'core-js-compat': [ '3.33.2' ],
88 silly audit   'core-util-is': [ '1.0.3' ],
88 silly audit   cosmiconfig: [ '5.2.1' ],
88 silly audit   'cross-fetch': [ '3.1.8' ],
88 silly audit   crypt: [ '0.0.2' ],
88 silly audit   'dag-map': [ '1.0.2' ],
88 silly audit   dayjs: [ '1.11.10' ],
88 silly audit   decamelize: [ '1.2.0' ],
88 silly audit   'decode-uri-component': [ '0.2.2' ],
88 silly audit   'deep-extend': [ '0.6.0' ],
88 silly audit   deepmerge: [ '4.3.1' ],
88 silly audit   'default-gateway': [ '4.2.0' ],
88 silly audit   defaults: [ '1.0.4' ],
88 silly audit   'define-data-property': [ '1.1.1' ],
88 silly audit   'define-lazy-prop': [ '2.0.0' ],
88 silly audit   del: [ '6.1.1' ],
88 silly audit   'delayed-stream': [ '1.0.0' ],
88 silly audit   denodeify: [ '1.2.1' ],
88 silly audit   depd: [ '2.0.0' ],
88 silly audit   'deprecated-react-native-prop-types': [ '4.1.0' ],
88 silly audit   destroy: [ '1.2.0' ],
88 silly audit   'detect-libc': [ '1.0.3' ],
88 silly audit   'dir-glob': [ '3.0.1' ],
88 silly audit   dotenv: [ '16.0.3' ],
88 silly audit   'dotenv-expand': [ '10.0.0' ],
88 silly audit   'ee-first': [ '1.1.1' ],
88 silly audit   'electron-to-chromium': [ '1.4.587' ],
88 silly audit   'emoji-regex': [ '8.0.0' ],
88 silly audit   encodeurl: [ '1.0.2' ],
88 silly audit   'end-of-stream': [ '1.4.4' ],
88 silly audit   'env-editor': [ '0.4.2' ],
88 silly audit   envinfo: [ '7.11.0' ],
88 silly audit   eol: [ '0.9.1' ],
88 silly audit   'error-ex': [ '1.3.2' ],
88 silly audit   'error-stack-parser': [ '2.1.4' ],
88 silly audit   errorhandler: [ '1.5.1' ],
88 silly audit   escalade: [ '3.1.1' ],
88 silly audit   'escape-html': [ '1.0.3' ],
88 silly audit   esprima: [ '4.0.1' ],
88 silly audit   esutils: [ '2.0.3' ],
88 silly audit   etag: [ '1.8.1' ],
88 silly audit   'event-target-shim': [ '5.0.1' ],
88 silly audit   'exec-async': [ '2.2.0' ],
88 silly audit   expo: [ '49.0.18' ],
88 silly audit   'expo-application': [ '5.3.1' ],
88 silly audit   'expo-asset': [ '8.10.1' ],
88 silly audit   'expo-constants': [ '14.4.2' ],
88 silly audit   'expo-file-system': [ '15.4.4' ],
88 silly audit   'expo-font': [ '11.4.0' ],
88 silly audit   'expo-keep-awake': [ '12.3.0' ],
88 silly audit   'expo-modules-autolinking': [ '1.5.1' ],
88 silly audit   'expo-modules-core': [ '1.5.11' ],
88 silly audit   'expo-status-bar': [ '1.6.0' ],
88 silly audit   'fast-deep-equal': [ '3.1.3' ],
88 silly audit   'fast-glob': [ '3.3.2' ],
88 silly audit   'fast-xml-parser': [ '4.3.2' ],
88 silly audit   fastq: [ '1.15.0' ],
88 silly audit   'fb-watchman': [ '2.0.2' ],
88 silly audit   fbemitter: [ '3.0.0' ],
88 silly audit   fbjs: [ '3.0.5' ],
88 silly audit   'fbjs-css-vars': [ '1.0.2' ],
88 silly audit   'fetch-retry': [ '4.1.1' ],
88 silly audit   'fill-range': [ '7.0.1' ],
88 silly audit   'filter-obj': [ '1.1.0' ],
88 silly audit   finalhandler: [ '1.1.2' ],
88 silly audit   'on-finished': [ '2.3.0', '2.4.1' ],
88 silly audit   'find-babel-config': [ '2.0.0' ],
88 silly audit   'find-cache-dir': [ '2.1.0' ],
88 silly audit   'find-yarn-workspace-root': [ '2.0.0' ],
88 silly audit   'flow-enums-runtime': [ '0.0.5' ],
88 silly audit   'flow-parser': [ '0.206.0' ],
88 silly audit   fontfaceobserver: [ '2.3.0' ],
88 silly audit   'form-data': [ '3.0.1' ],
88 silly audit   'freeport-async': [ '2.0.0' ],
88 silly audit   fresh: [ '0.5.2' ],
88 silly audit   'fs-minipass': [ '2.1.0' ],
88 silly audit   'fs.realpath': [ '1.0.0' ],
88 silly audit   fsevents: [ '2.3.3' ],
88 silly audit   'function-bind': [ '1.1.2' ],
88 silly audit   gensync: [ '1.0.0-beta.2' ],
88 silly audit   'get-caller-file': [ '2.0.5' ],
88 silly audit   'get-intrinsic': [ '1.2.2' ],
88 silly audit   'get-port': [ '3.2.0' ],
88 silly audit   getenv: [ '1.0.0' ],
88 silly audit   'glob-parent': [ '5.1.2' ],
88 silly audit   globals: [ '11.12.0' ],
88 silly audit   globby: [ '11.1.0' ],
88 silly audit   gopd: [ '1.0.1' ],
88 silly audit   'graceful-fs': [ '4.2.11' ],
88 silly audit   graphql: [ '15.8.0' ],
88 silly audit   'graphql-tag': [ '2.12.6' ],
88 silly audit   'has-property-descriptors': [ '1.0.1' ],
88 silly audit   'has-proto': [ '1.0.1' ],
88 silly audit   'has-symbols': [ '1.0.3' ],
88 silly audit   hasown: [ '2.0.0' ],
88 silly audit   'hermes-estree': [ '0.12.0' ],
88 silly audit   'hermes-parser': [ '0.12.0' ],
88 silly audit   'hermes-profile-transformer': [ '0.0.6' ],
88 silly audit   'hoist-non-react-statics': [ '3.3.2' ],
88 silly audit   'hosted-git-info': [ '3.0.8' ],
88 silly audit   'http-errors': [ '2.0.0' ],
88 silly audit   statuses: [ '2.0.1', '1.5.0' ],
88 silly audit   'https-proxy-agent': [ '5.0.1' ],
88 silly audit   'human-signals': [ '2.1.0' ],
88 silly audit   'iconv-lite': [ '0.4.24' ],
88 silly audit   ieee754: [ '1.2.1' ],
88 silly audit   ignore: [ '5.3.0' ],
88 silly audit   'image-size': [ '1.0.2' ],
88 silly audit   'import-fresh': [ '2.0.0' ],
88 silly audit   'resolve-from': [ '3.0.0', '5.0.0' ],
88 silly audit   imurmurhash: [ '0.1.4' ],
88 silly audit   'indent-string': [ '4.0.0' ],
88 silly audit   'infer-owner': [ '1.0.4' ],
88 silly audit   inflight: [ '1.0.6' ],
88 silly audit   inherits: [ '2.0.4' ],
88 silly audit   ini: [ '1.3.8' ],
88 silly audit   'internal-ip': [ '4.3.0' ],
88 silly audit   invariant: [ '2.2.4' ],
88 silly audit   ip: [ '1.1.8' ],
88 silly audit   'ip-regex': [ '2.1.0' ],
88 silly audit   'ipaddr.js': [ '1.9.1' ],
88 silly audit   'is-arrayish': [ '0.2.1', '0.3.2' ],
88 silly audit   'is-buffer': [ '1.1.6' ],
88 silly audit   'is-core-module': [ '2.13.1' ],
88 silly audit   'is-directory': [ '0.3.1' ],
88 silly audit   'is-docker': [ '2.2.1' ],
88 silly audit   'is-extglob': [ '2.1.1', '1.0.0' ],
88 silly audit   'is-fullwidth-code-point': [ '2.0.0', '3.0.0' ],
88 silly audit   'is-glob': [ '4.0.3', '2.0.1' ],
88 silly audit   'is-interactive': [ '1.0.0' ],
88 silly audit   'is-invalid-path': [ '0.1.0' ],
88 silly audit   'is-number': [ '7.0.0' ],
88 silly audit   'is-path-cwd': [ '2.2.0' ],
88 silly audit   'is-path-inside': [ '3.0.3' ],
88 silly audit   'is-plain-object': [ '2.0.4' ],
88 silly audit   'is-unicode-supported': [ '0.1.0' ],
88 silly audit   'is-valid-path': [ '0.1.1' ],
88 silly audit   isarray: [ '1.0.0' ],
88 silly audit   isexe: [ '2.0.0' ],
88 silly audit   isobject: [ '3.0.1' ],
88 silly audit   'jest-environment-node': [ '29.7.0' ],
88 silly audit   'jest-get-type': [ '29.6.3' ],
88 silly audit   'jest-message-util': [ '29.7.0' ],
88 silly audit   'pretty-format': [ '29.7.0', '26.6.2' ],
88 silly audit   'jest-mock': [ '29.7.0' ],
88 silly audit   'jest-regex-util': [ '27.5.1' ],
88 silly audit   'jest-util': [ '29.7.0', '27.5.1' ],
88 silly audit   'jest-validate': [ '29.7.0' ],
88 silly audit   'jest-worker': [ '27.5.1' ],
88 silly audit   'jimp-compact': [ '0.16.1' ],
88 silly audit   joi: [ '17.11.0' ],
88 silly audit   'join-component': [ '1.1.0' ],
88 silly audit   'js-tokens': [ '4.0.0' ],
88 silly audit   'jsc-android': [ '250231.0.0' ],
88 silly audit   'jsc-safe-url': [ '0.2.4' ],
88 silly audit   jscodeshift: [ '0.14.0' ],
88 silly audit   jsesc: [ '2.5.2', '0.5.0' ],
88 silly audit   'json-parse-better-errors': [ '1.0.2' ],
88 silly audit   'json-schema-deref-sync': [ '0.13.0' ],
88 silly audit   md5: [ '2.2.1', '2.3.0' ],
88 silly audit   json5: [ '2.2.3' ],
88 silly audit   'kind-of': [ '6.0.3' ],
88 silly audit   kleur: [ '3.0.3' ],
88 silly audit   leven: [ '3.1.0' ],
88 silly audit   lightningcss: [ '1.19.0' ],
88 silly audit   'lightningcss-darwin-arm64': [ '1.19.0' ],
88 silly audit   'lightningcss-darwin-x64': [ '1.19.0' ],
88 silly audit   'lightningcss-linux-arm-gnueabihf': [ '1.19.0' ],
88 silly audit   'lightningcss-linux-arm64-gnu': [ '1.19.0' ],
88 silly audit   'lightningcss-linux-arm64-musl': [ '1.19.0' ],
88 silly audit   'lightningcss-linux-x64-gnu': [ '1.19.0' ],
88 silly audit   'lightningcss-linux-x64-musl': [ '1.19.0' ],
88 silly audit   'lightningcss-win32-x64-msvc': [ '1.19.0' ],
88 silly audit   'lines-and-columns': [ '1.2.4' ],
88 silly audit   lodash: [ '4.17.21' ],
88 silly audit   'lodash.debounce': [ '4.0.8' ],
88 silly audit   'lodash.throttle': [ '4.1.1' ],
88 silly audit   logkitty: [ '0.7.1' ],
88 silly audit   'wrap-ansi': [ '6.2.0', '7.0.0' ],
88 silly audit   y18n: [ '4.0.3', '5.0.8' ],
88 silly audit   yargs: [ '15.4.1', '17.7.2' ],
88 silly audit   'yargs-parser': [ '18.1.3', '21.1.1' ],
88 silly audit   'loose-envify': [ '1.4.0' ],
88 silly audit   'make-dir': [ '2.1.0' ],
88 silly audit   makeerror: [ '1.0.12' ],
88 silly audit   'md5-file': [ '3.2.3' ],
88 silly audit   md5hex: [ '1.0.0' ],
88 silly audit   'media-typer': [ '0.3.0' ],
88 silly audit   'memoize-one': [ '5.2.1' ],
88 silly audit   'memory-cache': [ '0.2.0' ],
88 silly audit   'merge-stream': [ '2.0.0' ],
88 silly audit   merge2: [ '1.4.1' ],
88 silly audit   metro: [ '0.76.8' ],
88 silly audit   'metro-babel-transformer': [ '0.76.8' ],
88 silly audit   'metro-cache': [ '0.76.8' ],
88 silly audit   'metro-cache-key': [ '0.76.8' ],
88 silly audit   'metro-config': [ '0.76.8' ],
88 silly audit   'metro-core': [ '0.76.8' ],
88 silly audit   'metro-file-map': [ '0.76.8' ],
88 silly audit   'metro-inspector-proxy': [ '0.76.8' ],
88 silly audit   'metro-minify-terser': [ '0.76.8' ],
88 silly audit   'metro-minify-uglify': [ '0.76.8' ],
88 silly audit   'metro-react-native-babel-preset': [ '0.76.8' ],
88 silly audit   'metro-react-native-babel-transformer': [ '0.76.8' ],
88 silly audit   'metro-resolver': [ '0.76.8' ],
88 silly audit   'metro-runtime': [ '0.76.8' ],
88 silly audit   'metro-source-map': [ '0.76.8' ],
88 silly audit   'source-map': [ '0.5.7', '0.6.1', '0.7.4' ],
88 silly audit   'metro-symbolicate': [ '0.76.8' ],
88 silly audit   'metro-transform-plugins': [ '0.76.8' ],
88 silly audit   'metro-transform-worker': [ '0.76.8' ],
88 silly audit   'serialize-error': [ '2.1.0', '6.0.0' ],
88 silly audit   micromatch: [ '4.0.5' ],
88 silly audit   mime: [ '2.6.0', '1.6.0' ],
88 silly audit   'mime-db': [ '1.52.0' ],
88 silly audit   'mime-types': [ '2.1.35' ],
88 silly audit   minimist: [ '1.2.8' ],
88 silly audit   minipass: [ '3.1.6', '5.0.0' ],
88 silly audit   'minipass-collect': [ '1.0.2' ],
88 silly audit   'minipass-flush': [ '1.0.5' ],
88 silly audit   'minipass-pipeline': [ '1.2.4' ],
88 silly audit   minizlib: [ '2.1.2' ],
88 silly audit   mv: [ '2.1.1' ],
88 silly audit   mz: [ '2.7.0' ],
88 silly audit   nanoid: [ '3.3.7' ],
88 silly audit   ncp: [ '2.0.0' ],
88 silly audit   negotiator: [ '0.6.3' ],
88 silly audit   'neo-async': [ '2.6.2' ],
88 silly audit   'nested-error-stacks': [ '2.0.1' ],
88 silly audit   'nice-try': [ '1.0.5' ],
88 silly audit   nocache: [ '3.0.4' ],
88 silly audit   'node-abort-controller': [ '3.1.1' ],
88 silly audit   'node-dir': [ '0.1.17' ],
88 silly audit   'node-fetch': [ '2.7.0' ],
88 silly audit   'node-forge': [ '1.3.1' ],
88 silly audit   'node-int64': [ '0.4.0' ],
88 silly audit   'node-releases': [ '2.0.13' ],
88 silly audit   'node-stream-zip': [ '1.15.0' ],
88 silly audit   'normalize-path': [ '3.0.0' ],
88 silly audit   'npm-package-arg': [ '7.0.0' ],
88 silly audit   nullthrows: [ '1.1.1' ],
88 silly audit   ob1: [ '0.76.8' ],
88 silly audit   'object-assign': [ '4.1.1' ],
88 silly audit   'object-inspect': [ '1.13.1' ],
88 silly audit   'on-headers': [ '1.0.2' ],
88 silly audit   once: [ '1.4.0' ],
88 silly audit   'os-homedir': [ '1.0.2' ],
88 silly audit   'os-tmpdir': [ '1.0.2' ],
88 silly audit   osenv: [ '0.1.5' ],
88 silly audit   'p-finally': [ '1.0.0' ],
88 silly audit   'p-map': [ '4.0.0' ],
88 silly audit   'p-try': [ '2.2.0' ],
88 silly audit   'parse-json': [ '4.0.0' ],
88 silly audit   'parse-png': [ '2.1.0' ],
88 silly audit   parseurl: [ '1.3.3' ],
88 silly audit   'password-prompt': [ '1.1.3' ],
88 silly audit   'path-browserify': [ '1.0.1' ],
88 silly audit   'path-exists': [ '4.0.0', '3.0.0' ],
88 silly audit   'path-is-absolute': [ '1.0.1' ],
88 silly audit   'path-parse': [ '1.0.7' ],
88 silly audit   'path-type': [ '4.0.0' ],
88 silly audit   picocolors: [ '1.0.0' ],
88 silly audit   picomatch: [ '2.3.1' ],
88 silly audit   pify: [ '4.0.1' ],
88 silly audit   pirates: [ '4.0.6' ],
88 silly audit   'pkg-dir': [ '3.0.0' ],
88 silly audit   'pkg-up': [ '3.1.0' ],
88 silly audit   plist: [ '3.1.0' ],
88 silly audit   xmlbuilder: [ '15.1.1', '11.0.1', '14.0.0' ],
88 silly audit   pngjs: [ '3.4.0' ],
88 silly audit   postcss: [ '8.4.31' ],
88 silly audit   'pretty-bytes': [ '5.6.0' ],
88 silly audit   'process-nextick-args': [ '2.0.1' ],
88 silly audit   progress: [ '2.0.3' ],
88 silly audit   promise: [ '7.3.1', '8.3.0' ],
88 silly audit   'promise-inflight': [ '1.0.1' ],
88 silly audit   prompts: [ '2.4.2' ],
88 silly audit   'prop-types': [ '15.8.1' ],
88 silly audit   pump: [ '3.0.0' ],
88 silly audit   'qrcode-terminal': [ '0.11.0' ],
88 silly audit   qs: [ '6.11.0' ],
88 silly audit   'query-string': [ '7.1.3' ],
88 silly audit   querystringify: [ '2.2.0' ],
88 silly audit   queue: [ '6.0.2' ],
88 silly audit   'queue-microtask': [ '1.2.3' ],
88 silly audit   'range-parser': [ '1.2.1' ],
88 silly audit   'raw-body': [ '2.5.2' ],
88 silly audit   rc: [ '1.2.8' ],
88 silly audit   react: [ '18.2.0' ],
88 silly audit   'react-devtools-core': [ '4.28.5' ],
88 silly audit   'react-freeze': [ '1.0.3' ],
88 silly audit   'react-native': [ '0.72.6' ],
88 silly audit   'react-native-tab-view': [ '3.5.2' ],
88 silly audit   'regenerator-runtime': [ '0.13.11', '0.14.0' ],
88 silly audit   'react-refresh': [ '0.4.3' ],
88 silly audit   'react-shallow-renderer': [ '16.15.0' ],
88 silly audit   readline: [ '1.3.0' ],
88 silly audit   recast: [ '0.21.5' ],
88 silly audit   regenerate: [ '1.4.2' ],
88 silly audit   'regenerate-unicode-properties': [ '10.1.1' ],
88 silly audit   'regenerator-transform': [ '0.15.2' ],
88 silly audit   'regexpu-core': [ '5.3.2' ],
88 silly audit   regjsparser: [ '0.9.1' ],
88 silly audit   'remove-trailing-slash': [ '0.1.1' ],
88 silly audit   'require-directory': [ '2.1.1' ],
88 silly audit   'require-from-string': [ '2.0.2' ],
88 silly audit   'require-main-filename': [ '2.0.0' ],
88 silly audit   requireg: [ '0.2.2' ],
88 silly audit   resolve: [ '1.7.1', '1.22.8' ],
88 silly audit   'requires-port': [ '1.0.0' ],
88 silly audit   reselect: [ '4.1.8' ],
88 silly audit   reusify: [ '1.0.4' ],
88 silly audit   'run-parallel': [ '1.2.0' ],
88 silly audit   'safe-buffer': [ '5.1.2' ],
88 silly audit   'safe-json-stringify': [ '1.2.0' ],
88 silly audit   'safer-buffer': [ '2.1.2' ],
88 silly audit   sax: [ '1.3.0' ],
88 silly audit   scheduler: [ '0.24.0-canary-efb381bbf-20230505' ],
88 silly audit   send: [ '0.18.0' ],
88 silly audit   'serve-static': [ '1.15.0' ],
88 silly audit   'set-blocking': [ '2.0.0' ],
88 silly audit   'set-function-length': [ '1.1.1' ],
88 silly audit   setimmediate: [ '1.0.5' ],
88 silly audit   setprototypeof: [ '1.2.0' ],
88 silly audit   'shallow-clone': [ '3.0.1' ],
88 silly audit   'shell-quote': [ '1.8.1' ],
88 silly audit   'side-channel': [ '1.0.4' ],
88 silly audit   'signal-exit': [ '3.0.7' ],
88 silly audit   'simple-plist': [ '1.3.1' ],
88 silly audit   'simple-swizzle': [ '0.2.2' ],
88 silly audit   sisteransi: [ '1.0.5' ],
88 silly audit   slash: [ '3.0.0' ],
88 silly audit   'slice-ansi': [ '2.1.0' ],
88 silly audit   slugify: [ '1.6.6' ],
88 silly audit   'source-map-js': [ '1.0.2' ],
88 silly audit   'source-map-support': [ '0.5.21' ],
88 silly audit   split: [ '1.0.1' ],
88 silly audit   'split-on-first': [ '1.1.0' ],
88 silly audit   'sprintf-js': [ '1.0.3' ],
88 silly audit   ssri: [ '8.0.1' ],
88 silly audit   'stack-utils': [ '2.0.6' ],
88 silly audit   stackframe: [ '1.3.4' ],
88 silly audit   'stacktrace-parser': [ '0.1.10' ],
88 silly audit   'stream-buffers': [ '2.2.0' ],
88 silly audit   'strict-uri-encode': [ '2.0.0' ],
88 silly audit   string_decoder: [ '1.1.1' ],
88 silly audit   'string-width': [ '4.2.3' ],
88 silly audit   'strip-eof': [ '1.0.0' ],
88 silly audit   'strip-final-newline': [ '2.0.0' ],
88 silly audit   'strip-json-comments': [ '2.0.1' ],
88 silly audit   strnum: [ '1.0.5' ],
88 silly audit   'structured-headers': [ '0.4.1' ],
88 silly audit   sucrase: [ '3.34.0' ],
88 silly audit   'supports-hyperlinks': [ '2.3.0' ],
88 silly audit   'supports-preserve-symlinks-flag': [ '1.0.0' ],
88 silly audit   tar: [ '6.2.0' ],
88 silly audit   temp: [ '0.8.4' ],
88 silly audit   'terminal-link': [ '2.1.1' ],
88 silly audit   terser: [ '5.24.0' ],
88 silly audit   'text-table': [ '0.2.0' ],
88 silly audit   thenify: [ '3.3.1' ],
88 silly audit   'thenify-all': [ '1.6.0' ],
88 silly audit   throat: [ '5.0.0' ],
88 silly audit   through: [ '2.3.8' ],
88 silly audit   through2: [ '2.0.5' ],
88 silly audit   tmp: [ '0.0.33' ],
88 silly audit   tmpl: [ '1.0.5' ],
88 silly audit   'to-fast-properties': [ '2.0.0' ],
88 silly audit   'to-regex-range': [ '5.0.1' ],
88 silly audit   toidentifier: [ '1.0.1' ],
88 silly audit   tr46: [ '0.0.3' ],
88 silly audit   traverse: [ '0.6.7' ],
88 silly audit   'ts-interface-checker': [ '0.1.13' ],
88 silly audit   tslib: [ '2.6.2' ],
88 silly audit   'type-detect': [ '4.0.8' ],
88 silly audit   'type-is': [ '1.6.18' ],
88 silly audit   'ua-parser-js': [ '1.0.37' ],
88 silly audit   'uglify-es': [ '3.3.9' ],
88 silly audit   'undici-types': [ '5.26.5' ],
88 silly audit   'unicode-canonical-property-names-ecmascript': [ '2.0.0' ],
88 silly audit   'unicode-match-property-ecmascript': [ '2.0.0' ],
88 silly audit   'unicode-match-property-value-ecmascript': [ '2.1.0' ],
88 silly audit   'unicode-property-aliases-ecmascript': [ '2.1.0' ],
88 silly audit   'unique-filename': [ '1.1.1' ],
88 silly audit   'unique-slug': [ '2.0.2' ],
88 silly audit   unpipe: [ '1.0.0' ],
88 silly audit   'update-browserslist-db': [ '1.0.13' ],
88 silly audit   'url-join': [ '4.0.0' ],
88 silly audit   'url-parse': [ '1.5.10' ],
88 silly audit   'use-latest-callback': [ '0.1.9' ],
88 silly audit   'use-sync-external-store': [ '1.2.0' ],
88 silly audit   'util-deprecate': [ '1.0.2' ],
88 silly audit   'utils-merge': [ '1.0.1' ],
88 silly audit   'valid-url': [ '1.0.9' ],
88 silly audit   'validate-npm-package-name': [ '3.0.0' ],
88 silly audit   vary: [ '1.1.2' ],
88 silly audit   vlq: [ '1.0.1' ],
88 silly audit   walker: [ '1.0.8' ],
88 silly audit   'warn-once': [ '0.1.1' ],
88 silly audit   wcwidth: [ '1.0.1' ],
88 silly audit   'webidl-conversions': [ '3.0.1' ],
88 silly audit   'whatwg-fetch': [ '3.6.19' ],
88 silly audit   'whatwg-url': [ '5.0.0' ],
88 silly audit   'which-module': [ '2.0.1' ],
88 silly audit   wonka: [ '4.0.15' ],
88 silly audit   wrappy: [ '1.0.2' ],
88 silly audit   'write-file-atomic': [ '2.4.3' ],
88 silly audit   xcode: [ '3.0.1' ],
88 silly audit   xml2js: [ '0.6.0' ],
88 silly audit   xtend: [ '4.0.2' ],
88 silly audit   yaml: [ '2.3.4' ],
88 silly audit   'yocto-queue': [ '0.1.0' ],
88 silly audit   'react-native-gesture-handler': [ '2.12.1' ],
88 silly audit   'react-native-pager-view': [ '6.2.0' ],
88 silly audit   'react-native-reanimated': [ '3.3.0' ],
88 silly audit   'react-native-safe-area-context': [ '4.6.3' ],
88 silly audit   'react-native-screens': [ '3.22.1' ]
88 silly audit }
89 verbose reify failed optional dependency C:\Users\bdani\Desktop\qrmobile\qrmobile\node_modules\lightningcss-linux-x64-musl
90 silly reify mark deleted [
90 silly reify   'C:\\Users\\bdani\\Desktop\\qrmobile\\qrmobile\\node_modules\\lightningcss-linux-x64-musl'
90 silly reify ]
91 verbose reify failed optional dependency C:\Users\bdani\Desktop\qrmobile\qrmobile\node_modules\lightningcss-linux-x64-gnu
92 silly reify mark deleted [
92 silly reify   'C:\\Users\\bdani\\Desktop\\qrmobile\\qrmobile\\node_modules\\lightningcss-linux-x64-gnu'
92 silly reify ]
93 verbose reify failed optional dependency C:\Users\bdani\Desktop\qrmobile\qrmobile\node_modules\lightningcss-linux-arm64-musl
94 silly reify mark deleted [
94 silly reify   'C:\\Users\\bdani\\Desktop\\qrmobile\\qrmobile\\node_modules\\lightningcss-linux-arm64-musl'
94 silly reify ]
95 verbose reify failed optional dependency C:\Users\bdani\Desktop\qrmobile\qrmobile\node_modules\lightningcss-linux-arm64-gnu
96 silly reify mark deleted [
96 silly reify   'C:\\Users\\bdani\\Desktop\\qrmobile\\qrmobile\\node_modules\\lightningcss-linux-arm64-gnu'
96 silly reify ]
97 verbose reify failed optional dependency C:\Users\bdani\Desktop\qrmobile\qrmobile\node_modules\lightningcss-linux-arm-gnueabihf
98 silly reify mark deleted [
98 silly reify   'C:\\Users\\bdani\\Desktop\\qrmobile\\qrmobile\\node_modules\\lightningcss-linux-arm-gnueabihf'
98 silly reify ]
99 verbose reify failed optional dependency C:\Users\bdani\Desktop\qrmobile\qrmobile\node_modules\lightningcss-darwin-x64
100 silly reify mark deleted [
100 silly reify   'C:\\Users\\bdani\\Desktop\\qrmobile\\qrmobile\\node_modules\\lightningcss-darwin-x64'
100 silly reify ]
101 verbose reify failed optional dependency C:\Users\bdani\Desktop\qrmobile\qrmobile\node_modules\lightningcss-darwin-arm64
102 silly reify mark deleted [
102 silly reify   'C:\\Users\\bdani\\Desktop\\qrmobile\\qrmobile\\node_modules\\lightningcss-darwin-arm64'
102 silly reify ]
103 verbose reify failed optional dependency C:\Users\bdani\Desktop\qrmobile\qrmobile\node_modules\fsevents
104 silly reify mark deleted [
104 silly reify   'C:\\Users\\bdani\\Desktop\\qrmobile\\qrmobile\\node_modules\\fsevents'
104 silly reify ]
105 timing reifyNode:node_modules/lightningcss-linux-x64-musl Completed in 53ms
106 timing reifyNode:node_modules/lightningcss-linux-x64-gnu Completed in 52ms
107 timing reifyNode:node_modules/lightningcss-linux-arm64-musl Completed in 52ms
108 timing reifyNode:node_modules/lightningcss-linux-arm64-gnu Completed in 52ms
109 timing reifyNode:node_modules/lightningcss-linux-arm-gnueabihf Completed in 51ms
110 timing reifyNode:node_modules/lightningcss-darwin-x64 Completed in 51ms
111 timing reifyNode:node_modules/lightningcss-darwin-arm64 Completed in 51ms
112 timing reifyNode:node_modules/fsevents Completed in 51ms
113 silly tarball no local data for react-native-screens@https://registry.npmjs.org/react-native-screens/-/react-native-screens-3.22.1.tgz. Extracting by manifest.
114 silly tarball no local data for react-native-safe-area-context@https://registry.npmjs.org/react-native-safe-area-context/-/react-native-safe-area-context-4.6.3.tgz. Extracting by manifest.
115 silly tarball no local data for react-native-reanimated@https://registry.npmjs.org/react-native-reanimated/-/react-native-reanimated-3.3.0.tgz. Extracting by manifest.
116 silly tarball no local data for react-native-pager-view@https://registry.npmjs.org/react-native-pager-view/-/react-native-pager-view-6.2.0.tgz. Extracting by manifest.
117 silly tarball no local data for react-native-gesture-handler@https://registry.npmjs.org/react-native-gesture-handler/-/react-native-gesture-handler-2.12.1.tgz. Extracting by manifest.
118 http fetch GET 200 https://registry.npmjs.org/react-native-pager-view/-/react-native-pager-view-6.2.0.tgz 395ms (cache miss)
119 timing reifyNode:node_modules/react-native-pager-view Completed in 452ms
120 http fetch POST 200 https://registry.npmjs.org/-/npm/v1/security/advisories/bulk 771ms
121 timing auditReport:getReport Completed in 781ms
122 silly audit report {
122 silly audit report   semver: [
122 silly audit report     {
122 silly audit report       id: 1094556,
122 silly audit report       url: 'https://github.com/advisories/GHSA-c2qf-rxjj-qqgw',
122 silly audit report       title: 'semver vulnerable to Regular Expression Denial of Service',
122 silly audit report       severity: 'moderate',
122 silly audit report       vulnerable_versions: '>=7.0.0 <7.5.2',
122 silly audit report       cwe: [Array],
122 silly audit report       cvss: [Object]
122 silly audit report     }
122 silly audit report   ]
122 silly audit report }
123 timing metavuln:cache:get:security-advisory:semver:l1tDy7O97QFlM1xILNFUBCQmggzITPCizAi6rglwrLx6WJD8/+Nr08rZZQPgz8j4tZouIVmDaMds0B6qrOWv+w== Completed in 7ms
124 http fetch GET 200 https://registry.npmjs.org/semver 10ms (cache hit)
125 timing metavuln:packument:semver Completed in 12ms
126 timing metavuln:load:security-advisory:semver:1094556 Completed in 0ms
127 timing metavuln:calculate:security-advisory:semver:1094556 Completed in 15ms
128 timing metavuln:cache:get:security-advisory:@expo/image-utils:m38ka5yytxmo3LfcJMP3Fdi1cVzUnqkc3eqBFi/TYLPgke59WdMy6zUCHW6kKIRJqp35HB1vWzMYRgqnNpTGEw== Completed in 4ms
129 http fetch GET 200 https://registry.npmjs.org/@expo%2fimage-utils 11ms (cache hit)
130 timing metavuln:packument:@expo/image-utils Completed in 13ms
131 timing metavuln:load:security-advisory:@expo/image-utils:l1tDy7O97QFlM1xILNFUBCQmggzITPCizAi6rglwrLx6WJD8/+Nr08rZZQPgz8j4tZouIVmDaMds0B6qrOWv+w== Completed in 0ms
132 timing metavuln:calculate:security-advisory:@expo/image-utils:l1tDy7O97QFlM1xILNFUBCQmggzITPCizAi6rglwrLx6WJD8/+Nr08rZZQPgz8j4tZouIVmDaMds0B6qrOWv+w== Completed in 14ms
133 timing metavuln:cache:get:security-advisory:@expo/prebuild-config:kdo+b8ZmYyai3GyRiR1I9xJB5DnfWeyK4X6s2mjkQ4vTyfHSxKvVzXqpZk4Dx49BTJhQdkdbv6aBiwskJTDGFA== Completed in 8ms
134 http fetch GET 200 https://registry.npmjs.org/@expo%2fprebuild-config 15ms (cache hit)
135 timing metavuln:packument:@expo/prebuild-config Completed in 16ms
136 timing metavuln:load:security-advisory:@expo/prebuild-config:m38ka5yytxmo3LfcJMP3Fdi1cVzUnqkc3eqBFi/TYLPgke59WdMy6zUCHW6kKIRJqp35HB1vWzMYRgqnNpTGEw== Completed in 0ms
137 timing metavuln:calculate:security-advisory:@expo/prebuild-config:m38ka5yytxmo3LfcJMP3Fdi1cVzUnqkc3eqBFi/TYLPgke59WdMy6zUCHW6kKIRJqp35HB1vWzMYRgqnNpTGEw== Completed in 17ms
138 timing metavuln:cache:get:security-advisory:@expo/cli:5xKvsy8vpeXLcZyIHolgMPmrSlN6wcTyLK61ACC5aJbMEyTuRG0lpsWpIKGJuiL16519Ld087iqfxSNzcNLWZQ== Completed in 11ms
139 http fetch GET 200 https://registry.npmjs.org/@expo%2fcli 26ms (cache hit)
140 timing metavuln:packument:@expo/cli Completed in 36ms
141 timing metavuln:load:security-advisory:@expo/cli:kdo+b8ZmYyai3GyRiR1I9xJB5DnfWeyK4X6s2mjkQ4vTyfHSxKvVzXqpZk4Dx49BTJhQdkdbv6aBiwskJTDGFA== Completed in 3ms
142 timing metavuln:calculate:security-advisory:@expo/cli:kdo+b8ZmYyai3GyRiR1I9xJB5DnfWeyK4X6s2mjkQ4vTyfHSxKvVzXqpZk4Dx49BTJhQdkdbv6aBiwskJTDGFA== Completed in 40ms
143 timing metavuln:cache:get:security-advisory:expo:+nFjaGZUxNtllQcgtgULXHFDBQkTK+8vvhJfQ1SbGHBe2+KzOKixhLydiS8i+nmtERUiNShQdejp972GCUIsGQ== Completed in 23ms
144 http fetch GET 200 https://registry.npmjs.org/expo 64ms (cache hit)
145 timing metavuln:packument:expo Completed in 127ms
146 timing metavuln:load:security-advisory:expo:5xKvsy8vpeXLcZyIHolgMPmrSlN6wcTyLK61ACC5aJbMEyTuRG0lpsWpIKGJuiL16519Ld087iqfxSNzcNLWZQ== Completed in 8ms
147 timing metavuln:calculate:security-advisory:expo:5xKvsy8vpeXLcZyIHolgMPmrSlN6wcTyLK61ACC5aJbMEyTuRG0lpsWpIKGJuiL16519Ld087iqfxSNzcNLWZQ== Completed in 136ms
148 timing metavuln:cache:get:security-advisory:expo-application:o7/Vo+RYNdEmKP0GtLMta0yd68vSbelpOIV4LfRxVVUNYHXwKd6BeWj9cn31pFxCK2k6od/G5QLWdcamQV6SdA== Completed in 95ms
149 timing metavuln:cache:get:security-advisory:expo-constants:wzJVRl07G7Nf5nZk8iN7x4vHnFVLuts+xn0RzuOjox/9SRPEVDgalV5ibpO6uNPX5kKvfM4lrURUZWl1UwiGfQ== Completed in 80ms
150 timing metavuln:cache:get:security-advisory:expo-file-system:Jp6sFk6f2vxwuF9nhj+a4n7RTKg1JFgNJK/Z55dHdAB2Nd7PB23gt1tOEMlVuT+LBNMwn3RlgHXlM3NucQIpGQ== Completed in 79ms
151 timing metavuln:cache:get:security-advisory:expo-font:a00cD0gJejidE2nsKyME9vsugcaemV3qR3TsmloU9tdDd8+vXUuybXjc2wGlL8y0IV2rIHdCB6vs+zN9IVLLGg== Completed in 76ms
152 timing metavuln:cache:get:security-advisory:expo-keep-awake:xvHG9VmuxInraRgKQGVPbkBh5ZiZHqu6wklJoT20Fue3BMOz24xeMtb0xKkcB+XTCrqD/UDIbUe7MFjAKHYMGQ== Completed in 72ms
153 http fetch GET 200 https://registry.npmjs.org/expo-application 129ms (cache hit)
154 timing metavuln:packument:expo-application Completed in 145ms
155 timing metavuln:load:security-advisory:expo-application:+nFjaGZUxNtllQcgtgULXHFDBQkTK+8vvhJfQ1SbGHBe2+KzOKixhLydiS8i+nmtERUiNShQdejp972GCUIsGQ== Completed in 0ms
156 timing metavuln:calculate:security-advisory:expo-application:+nFjaGZUxNtllQcgtgULXHFDBQkTK+8vvhJfQ1SbGHBe2+KzOKixhLydiS8i+nmtERUiNShQdejp972GCUIsGQ== Completed in 152ms
157 http fetch GET 200 https://registry.npmjs.org/expo-constants 133ms (cache hit)
158 timing metavuln:packument:expo-constants Completed in 135ms
159 timing metavuln:load:security-advisory:expo-constants:+nFjaGZUxNtllQcgtgULXHFDBQkTK+8vvhJfQ1SbGHBe2+KzOKixhLydiS8i+nmtERUiNShQdejp972GCUIsGQ== Completed in 0ms
160 timing metavuln:calculate:security-advisory:expo-constants:+nFjaGZUxNtllQcgtgULXHFDBQkTK+8vvhJfQ1SbGHBe2+KzOKixhLydiS8i+nmtERUiNShQdejp972GCUIsGQ== Completed in 135ms
161 http fetch GET 200 https://registry.npmjs.org/expo-file-system 134ms (cache hit)
162 timing metavuln:packument:expo-file-system Completed in 135ms
163 timing metavuln:load:security-advisory:expo-file-system:+nFjaGZUxNtllQcgtgULXHFDBQkTK+8vvhJfQ1SbGHBe2+KzOKixhLydiS8i+nmtERUiNShQdejp972GCUIsGQ== Completed in 0ms
164 timing metavuln:calculate:security-advisory:expo-file-system:+nFjaGZUxNtllQcgtgULXHFDBQkTK+8vvhJfQ1SbGHBe2+KzOKixhLydiS8i+nmtERUiNShQdejp972GCUIsGQ== Completed in 136ms
165 http fetch GET 200 https://registry.npmjs.org/expo-font 129ms (cache hit)
166 timing metavuln:packument:expo-font Completed in 134ms
167 timing metavuln:load:security-advisory:expo-font:+nFjaGZUxNtllQcgtgULXHFDBQkTK+8vvhJfQ1SbGHBe2+KzOKixhLydiS8i+nmtERUiNShQdejp972GCUIsGQ== Completed in 0ms
168 timing metavuln:calculate:security-advisory:expo-font:+nFjaGZUxNtllQcgtgULXHFDBQkTK+8vvhJfQ1SbGHBe2+KzOKixhLydiS8i+nmtERUiNShQdejp972GCUIsGQ== Completed in 134ms
169 http fetch GET 200 https://registry.npmjs.org/expo-keep-awake 130ms (cache hit)
170 timing metavuln:packument:expo-keep-awake Completed in 134ms
171 timing metavuln:load:security-advisory:expo-keep-awake:+nFjaGZUxNtllQcgtgULXHFDBQkTK+8vvhJfQ1SbGHBe2+KzOKixhLydiS8i+nmtERUiNShQdejp972GCUIsGQ== Completed in 1ms
172 timing metavuln:calculate:security-advisory:expo-keep-awake:+nFjaGZUxNtllQcgtgULXHFDBQkTK+8vvhJfQ1SbGHBe2+KzOKixhLydiS8i+nmtERUiNShQdejp972GCUIsGQ== Completed in 135ms
173 timing auditReport:init Completed in 470ms
174 timing reify:audit Completed in 1251ms
175 http fetch GET 200 https://registry.npmjs.org/react-native-safe-area-context/-/react-native-safe-area-context-4.6.3.tgz 1192ms (cache miss)
176 timing reifyNode:node_modules/react-native-safe-area-context Completed in 1249ms
177 http fetch GET 200 https://registry.npmjs.org/react-native-screens/-/react-native-screens-3.22.1.tgz 1881ms (cache miss)
178 timing reifyNode:node_modules/react-native-screens Completed in 1940ms
179 http fetch GET 200 https://registry.npmjs.org/react-native-reanimated/-/react-native-reanimated-3.3.0.tgz 2308ms (cache miss)
180 timing reifyNode:node_modules/react-native-reanimated Completed in 2366ms
181 http fetch GET 200 https://registry.npmjs.org/react-native-gesture-handler/-/react-native-gesture-handler-2.12.1.tgz 2736ms (cache miss)
182 timing reifyNode:node_modules/react-native-gesture-handler Completed in 2795ms
183 timing reify:unpack Completed in 2799ms
184 timing reify:unretire Completed in 0ms
185 timing build:queue Completed in 2ms
186 timing build:deps Completed in 2ms
187 timing build Completed in 2ms
188 timing reify:build Completed in 4ms
189 timing reify:trash Completed in 430ms
190 timing reify:save Completed in 704ms
191 timing reify Completed in 6062ms
192 silly ADD
193 silly ADD
194 silly ADD
195 silly ADD
196 silly ADD
197 silly ADD
198 silly ADD
199 silly ADD
200 silly CHANGE node_modules/react-native-screens
201 silly CHANGE node_modules/react-native-safe-area-context
202 silly CHANGE node_modules/react-native-reanimated
203 silly CHANGE node_modules/react-native-pager-view
204 silly CHANGE node_modules/react-native-gesture-handler
205 timing command:install Completed in 6093ms
206 verbose exit 0
207 timing npm Completed in 6688ms
208 info ok
