0 verbose cli C:\Program Files\nodejs\node.exe C:\Users\bdani\AppData\Roaming\npm\node_modules\npm\bin\npm-cli.js
1 info using npm@10.2.3
2 info using node@v18.18.0
3 timing npm:load:whichnode Completed in 3ms
4 timing config:load:defaults Completed in 3ms
5 timing config:load:file:C:\Users\bdani\AppData\Roaming\npm\node_modules\npm\npmrc Completed in 5ms
6 timing config:load:builtin Completed in 5ms
7 timing config:load:cli Completed in 2ms
8 timing config:load:env Completed in 1ms
9 timing config:load:file:C:\Users\bdani\Desktop\qrmobile\qrmobile\.npmrc Completed in 0ms
10 timing config:load:project Completed in 1ms
11 timing config:load:file:C:\Users\bdani\.npmrc Completed in 0ms
12 timing config:load:user Completed in 1ms
13 timing config:load:file:C:\Users\bdani\AppData\Roaming\npm\etc\npmrc Completed in 1ms
14 timing config:load:global Completed in 1ms
15 timing config:load:setEnvs Completed in 1ms
16 timing config:load Completed in 15ms
17 timing npm:load:configload Completed in 15ms
18 timing config:load:flatten Completed in 3ms
19 timing npm:load:mkdirpcache Completed in 0ms
20 timing npm:load:mkdirplogs Completed in 0ms
21 verbose title npm exec expo install react-native-screens react-native-safe-area-context react-native-gesture-handler react-native-reanimated react-native-pager-view
22 verbose argv "exec" "--" "expo" "install" "react-native-screens" "react-native-safe-area-context" "react-native-gesture-handler" "react-native-reanimated" "react-native-pager-view"
23 timing npm:load:setTitle Completed in 2ms
24 timing npm:load:display Completed in 1ms
25 verbose logfile logs-max:10 dir:C:\Users\bdani\Desktop\qrmobile\qrmobile\UsersbdaniAppDataLocalnpm-cache\_logs\2023-11-17T17_55_17_516Z-
26 verbose logfile C:\Users\bdani\Desktop\qrmobile\qrmobile\UsersbdaniAppDataLocalnpm-cache\_logs\2023-11-17T17_55_17_516Z-debug-0.log
27 timing npm:load:logFile Completed in 12ms
28 timing npm:load:timers Completed in 0ms
29 timing npm:load:configScope Completed in 0ms
30 timing npm:load Completed in 65ms
31 silly logfile done cleaning log files
32 timing command:exec Completed in 10193ms
33 verbose exit 0
34 timing npm Completed in 10734ms
35 info ok
